Rc files read:
  NONE
Latexmk: This is Latexmk, John Collins, 11 Dec. 2024. Version 4.86.
No existing .aux file, so I'll make a simple one, and require run of *latex.
Latexmk: applying rule 'xelatex'...
Rule 'xelatex':  Reasons for rerun
Category 'other':
  Rerun of 'xelatex' forced or previously required:
    Reason or flag: 'Initial setup'

------------
Run number 1 of rule 'xelatex'
------------
------------
Running 'xelatex -no-pdf -synctex=1 -interaction=nonstopmode -file-line-error -recorder  "index.tex"'
------------
This is XeTeX, Version 3.141592653-2.6-0.999996 (TeX Live 2024) (preloaded format=xelatex)
 restricted \write18 enabled.
entering extended mode
(./index.tex
LaTeX2e <2024-11-01> patch level 1
L3 programming layer <2024-11-02>
(/usr/local/texlive/2024/texmf-dist/tex/latex/base/article.cls
Document Class: article 2024/06/29 v1.4n Standard LaTeX document class
(/usr/local/texlive/2024/texmf-dist/tex/latex/base/size12.clo))
(/usr/local/texlive/2024/texmf-dist/tex/latex/base/inputenc.sty

Package inputenc Warning: inputenc package ignored with utf8 based engines.

) (/usr/local/texlive/2024/texmf-dist/tex/latex/csquotes/csquotes.sty
(/usr/local/texlive/2024/texmf-dist/tex/latex/etoolbox/etoolbox.sty)
(/usr/local/texlive/2024/texmf-dist/tex/latex/graphics/keyval.sty)
(/usr/local/texlive/2024/texmf-dist/tex/latex/csquotes/csquotes.def)
(/usr/local/texlive/2024/texmf-dist/tex/latex/csquotes/csquotes.cfg))
(/usr/local/texlive/2024/texmf-dist/tex/latex/geometry/geometry.sty
(/usr/local/texlive/2024/texmf-dist/tex/generic/iftex/ifvtex.sty
(/usr/local/texlive/2024/texmf-dist/tex/generic/iftex/iftex.sty)))
(/usr/local/texlive/2024/texmf-dist/tex/latex/base/fontenc.sty
(/usr/local/texlive/2024/texmf-dist/tex/latex/lm/t1lmr.fd))
(/usr/local/texlive/2024/texmf-dist/tex/latex/psnfss/times.sty)
(/usr/local/texlive/2024/texmf-dist/tex/latex/hyperref/hyperref.sty
(/usr/local/texlive/2024/texmf-dist/tex/latex/kvsetkeys/kvsetkeys.sty)
(/usr/local/texlive/2024/texmf-dist/tex/generic/kvdefinekeys/kvdefinekeys.sty)
(/usr/local/texlive/2024/texmf-dist/tex/generic/pdfescape/pdfescape.sty
(/usr/local/texlive/2024/texmf-dist/tex/generic/ltxcmds/ltxcmds.sty)
(/usr/local/texlive/2024/texmf-dist/tex/generic/pdftexcmds/pdftexcmds.sty
(/usr/local/texlive/2024/texmf-dist/tex/generic/infwarerr/infwarerr.sty)))
(/usr/local/texlive/2024/texmf-dist/tex/latex/hycolor/hycolor.sty)
(/usr/local/texlive/2024/texmf-dist/tex/latex/hyperref/nameref.sty
(/usr/local/texlive/2024/texmf-dist/tex/latex/refcount/refcount.sty)
(/usr/local/texlive/2024/texmf-dist/tex/generic/gettitlestring/gettitlestring.s
ty (/usr/local/texlive/2024/texmf-dist/tex/latex/kvoptions/kvoptions.sty)))
(/usr/local/texlive/2024/texmf-dist/tex/generic/stringenc/stringenc.sty)
(/usr/local/texlive/2024/texmf-dist/tex/latex/hyperref/pd1enc.def)
(/usr/local/texlive/2024/texmf-dist/tex/generic/intcalc/intcalc.sty)
(/usr/local/texlive/2024/texmf-dist/tex/latex/hyperref/puenc.def)
(/usr/local/texlive/2024/texmf-dist/tex/latex/url/url.sty)
(/usr/local/texlive/2024/texmf-dist/tex/generic/bitset/bitset.sty
(/usr/local/texlive/2024/texmf-dist/tex/generic/bigintcalc/bigintcalc.sty))
(/usr/local/texlive/2024/texmf-dist/tex/latex/base/atbegshi-ltx.sty))
(/usr/local/texlive/2024/texmf-dist/tex/latex/hyperref/hxetex.def
(/usr/local/texlive/2024/texmf-dist/tex/latex/rerunfilecheck/rerunfilecheck.sty
(/usr/local/texlive/2024/texmf-dist/tex/latex/base/atveryend-ltx.sty)
(/usr/local/texlive/2024/texmf-dist/tex/generic/uniquecounter/uniquecounter.sty
))) (/usr/local/texlive/2024/texmf-dist/tex/latex/biblatex/biblatex.sty
(/usr/local/texlive/2024/texmf-dist/tex/latex/logreq/logreq.sty
(/usr/local/texlive/2024/texmf-dist/tex/latex/logreq/logreq.def))
(/usr/local/texlive/2024/texmf-dist/tex/latex/base/ifthen.sty)
(/usr/local/texlive/2024/texmf-dist/tex/latex/biblatex/blx-dm.def)
(/usr/local/texlive/2024/texmf-dist/tex/latex/biblatex/blx-unicode.def)
(/usr/local/texlive/2024/texmf-dist/tex/latex/biblatex/blx-compat.def)
(/usr/local/texlive/2024/texmf-dist/tex/latex/biblatex/biblatex.def)
(/usr/local/texlive/2024/texmf-dist/tex/latex/biblatex/blx-natbib.def)
(/usr/local/texlive/2024/texmf-dist/tex/latex/biblatex/bbx/authoryear.bbx
(/usr/local/texlive/2024/texmf-dist/tex/latex/biblatex/bbx/standard.bbx))
(/usr/local/texlive/2024/texmf-dist/tex/latex/biblatex/cbx/authoryear.cbx)
(/usr/local/texlive/2024/texmf-dist/tex/latex/biblatex/biblatex.cfg)
(/usr/local/texlive/2024/texmf-dist/tex/latex/l3kernel/expl3.sty
(/usr/local/texlive/2024/texmf-dist/tex/latex/l3backend/l3backend-xetex.def))
(/usr/local/texlive/2024/texmf-dist/tex/latex/biblatex/blx-case-expl3.sty
(/usr/local/texlive/2024/texmf-dist/tex/latex/l3packages/xparse/xparse.sty)))
(/usr/local/texlive/2024/texmf-dist/tex/latex/psnfss/t1ptm.fd) (./index.aux)
*geometry* driver: auto-detecting
*geometry* detected driver: xetex
(/usr/local/texlive/2024/texmf-dist/tex/latex/graphics/color.sty
(/usr/local/texlive/2024/texmf-dist/tex/latex/graphics-cfg/color.cfg)
(/usr/local/texlive/2024/texmf-dist/tex/latex/graphics-def/xetex.def)
(/usr/local/texlive/2024/texmf-dist/tex/latex/graphics/mathcolor.ltx))

Package hyperref Warning: Rerun to get /PageLabels entry.

(/usr/local/texlive/2024/texmf-dist/tex/latex/biblatex/lbx/english.lbx)
No file index.bbl.
(/usr/local/texlive/2024/texmf-dist/tex/latex/psnfss/t1pcr.fd)

LaTeX Warning: Citation 'RindCmplxtyAndClmt1999' on page 1 undefined on input l
ine 33.


LaTeX Warning: Citation 'RindCmplxtyAndClmt1999' on page 1 undefined on input l
ine 33.


LaTeX Warning: Empty bibliography on input line 47.


[1] (./index.aux)

LaTeX Warning: There were undefined references.


Package rerunfilecheck Warning: File `index.out' has changed.
(rerunfilecheck)                Rerun to get outlines right
(rerunfilecheck)                or use package `bookmark'.


Package biblatex Warning: Please (re)run Biber on the file:
(biblatex)                index
(biblatex)                and rerun LaTeX afterwards.

 )
Output written on index.xdv (1 page, 2108 bytes).
SyncTeX written on index.synctex.gz.
Transcript written on index.log.
Latexmk: Getting log file 'index.log'
Latexmk: Examining 'index.fls'
Latexmk: Examining 'index.log'
Latexmk: References changed.
Latexmk: References changed.
Latexmk: Log file says output to 'index.xdv'
Latexmk: Bibliography file(s) from .bcf file:
  references.bib
Latexmk: applying rule 'biber index'...
Rule 'biber index':  Reasons for rerun
Category 'other':
  Rerun of 'biber index' forced or previously required:
    Reason or flag: 'Initial set up of rule'

------------
Run number 1 of rule 'biber index'
------------
------------
Running 'biber  "index.bcf"'
------------
INFO - This is Biber 2.20
INFO - Logfile is 'index.blg'
INFO - Reading 'index.bcf'
INFO - Found 1 citekeys in bib section 0
INFO - Processing section 0
INFO - Looking for bibtex file 'references.bib' for section 0
INFO - LaTeX decoding ...
INFO - Found BibTeX data source 'references.bib'
INFO - Overriding locale 'en-US' defaults 'variable = shifted' with 'variable = non-ignorable'
INFO - Overriding locale 'en-US' defaults 'normalization = NFD' with 'normalization = prenormalized'
INFO - Sorting list 'nyt/global//global/global/global' of type 'entry' with template 'nyt' and locale 'en-US'
INFO - No sort tailoring available for locale 'en-US'
INFO - Writing 'index.bbl' with encoding 'UTF-8'
INFO - Output to index.bbl
WARN - Duplicate entry key: 'article' in file 'references.bib', skipping ...
WARN - Duplicate entry key: 'snapchat_2017_youtube' in file 'references.bib', skipping ...
INFO - WARNINGS: 2
Biber warning: [653] Biber.pm:131> WARN - Duplicate entry key: 'article' in file 'references.bib', skipping ...
Biber warning: [653] Biber.pm:131> WARN - Duplicate entry key: 'snapchat_2017_youtube' in file 'references.bib', skipping ...
Latexmk: Found biber source file(s) [index.bcf, references.bib]
Latexmk: applying rule 'xelatex'...
Rule 'xelatex':  Reasons for rerun
Changed files or newly in use/created:
  index.aux
  index.bbl
  index.out

------------
Run number 2 of rule 'xelatex'
------------
------------
Running 'xelatex -no-pdf -synctex=1 -interaction=nonstopmode -file-line-error -recorder  "index.tex"'
------------
This is XeTeX, Version 3.141592653-2.6-0.999996 (TeX Live 2024) (preloaded format=xelatex)
 restricted \write18 enabled.
entering extended mode
(./index.tex
LaTeX2e <2024-11-01> patch level 1
L3 programming layer <2024-11-02>
(/usr/local/texlive/2024/texmf-dist/tex/latex/base/article.cls
Document Class: article 2024/06/29 v1.4n Standard LaTeX document class
(/usr/local/texlive/2024/texmf-dist/tex/latex/base/size12.clo))
(/usr/local/texlive/2024/texmf-dist/tex/latex/base/inputenc.sty

Package inputenc Warning: inputenc package ignored with utf8 based engines.

) (/usr/local/texlive/2024/texmf-dist/tex/latex/csquotes/csquotes.sty
(/usr/local/texlive/2024/texmf-dist/tex/latex/etoolbox/etoolbox.sty)
(/usr/local/texlive/2024/texmf-dist/tex/latex/graphics/keyval.sty)
(/usr/local/texlive/2024/texmf-dist/tex/latex/csquotes/csquotes.def)
(/usr/local/texlive/2024/texmf-dist/tex/latex/csquotes/csquotes.cfg))
(/usr/local/texlive/2024/texmf-dist/tex/latex/geometry/geometry.sty
(/usr/local/texlive/2024/texmf-dist/tex/generic/iftex/ifvtex.sty
(/usr/local/texlive/2024/texmf-dist/tex/generic/iftex/iftex.sty)))
(/usr/local/texlive/2024/texmf-dist/tex/latex/base/fontenc.sty
(/usr/local/texlive/2024/texmf-dist/tex/latex/lm/t1lmr.fd))
(/usr/local/texlive/2024/texmf-dist/tex/latex/psnfss/times.sty)
(/usr/local/texlive/2024/texmf-dist/tex/latex/hyperref/hyperref.sty
(/usr/local/texlive/2024/texmf-dist/tex/latex/kvsetkeys/kvsetkeys.sty)
(/usr/local/texlive/2024/texmf-dist/tex/generic/kvdefinekeys/kvdefinekeys.sty)
(/usr/local/texlive/2024/texmf-dist/tex/generic/pdfescape/pdfescape.sty
(/usr/local/texlive/2024/texmf-dist/tex/generic/ltxcmds/ltxcmds.sty)
(/usr/local/texlive/2024/texmf-dist/tex/generic/pdftexcmds/pdftexcmds.sty
(/usr/local/texlive/2024/texmf-dist/tex/generic/infwarerr/infwarerr.sty)))
(/usr/local/texlive/2024/texmf-dist/tex/latex/hycolor/hycolor.sty)
(/usr/local/texlive/2024/texmf-dist/tex/latex/hyperref/nameref.sty
(/usr/local/texlive/2024/texmf-dist/tex/latex/refcount/refcount.sty)
(/usr/local/texlive/2024/texmf-dist/tex/generic/gettitlestring/gettitlestring.s
ty (/usr/local/texlive/2024/texmf-dist/tex/latex/kvoptions/kvoptions.sty)))
(/usr/local/texlive/2024/texmf-dist/tex/generic/stringenc/stringenc.sty)
(/usr/local/texlive/2024/texmf-dist/tex/latex/hyperref/pd1enc.def)
(/usr/local/texlive/2024/texmf-dist/tex/generic/intcalc/intcalc.sty)
(/usr/local/texlive/2024/texmf-dist/tex/latex/hyperref/puenc.def)
(/usr/local/texlive/2024/texmf-dist/tex/latex/url/url.sty)
(/usr/local/texlive/2024/texmf-dist/tex/generic/bitset/bitset.sty
(/usr/local/texlive/2024/texmf-dist/tex/generic/bigintcalc/bigintcalc.sty))
(/usr/local/texlive/2024/texmf-dist/tex/latex/base/atbegshi-ltx.sty))
(/usr/local/texlive/2024/texmf-dist/tex/latex/hyperref/hxetex.def
(/usr/local/texlive/2024/texmf-dist/tex/latex/rerunfilecheck/rerunfilecheck.sty
(/usr/local/texlive/2024/texmf-dist/tex/latex/base/atveryend-ltx.sty)
(/usr/local/texlive/2024/texmf-dist/tex/generic/uniquecounter/uniquecounter.sty
))) (/usr/local/texlive/2024/texmf-dist/tex/latex/biblatex/biblatex.sty
(/usr/local/texlive/2024/texmf-dist/tex/latex/logreq/logreq.sty
(/usr/local/texlive/2024/texmf-dist/tex/latex/logreq/logreq.def))
(/usr/local/texlive/2024/texmf-dist/tex/latex/base/ifthen.sty)
(/usr/local/texlive/2024/texmf-dist/tex/latex/biblatex/blx-dm.def)
(/usr/local/texlive/2024/texmf-dist/tex/latex/biblatex/blx-unicode.def)
(/usr/local/texlive/2024/texmf-dist/tex/latex/biblatex/blx-compat.def)
(/usr/local/texlive/2024/texmf-dist/tex/latex/biblatex/biblatex.def)
(/usr/local/texlive/2024/texmf-dist/tex/latex/biblatex/blx-natbib.def)
(/usr/local/texlive/2024/texmf-dist/tex/latex/biblatex/bbx/authoryear.bbx
(/usr/local/texlive/2024/texmf-dist/tex/latex/biblatex/bbx/standard.bbx))
(/usr/local/texlive/2024/texmf-dist/tex/latex/biblatex/cbx/authoryear.cbx)
(/usr/local/texlive/2024/texmf-dist/tex/latex/biblatex/biblatex.cfg)
(/usr/local/texlive/2024/texmf-dist/tex/latex/l3kernel/expl3.sty
(/usr/local/texlive/2024/texmf-dist/tex/latex/l3backend/l3backend-xetex.def))
(/usr/local/texlive/2024/texmf-dist/tex/latex/biblatex/blx-case-expl3.sty
(/usr/local/texlive/2024/texmf-dist/tex/latex/l3packages/xparse/xparse.sty)))
(/usr/local/texlive/2024/texmf-dist/tex/latex/psnfss/t1ptm.fd) (./index.aux)
*geometry* driver: auto-detecting
*geometry* detected driver: xetex
(/usr/local/texlive/2024/texmf-dist/tex/latex/graphics/color.sty
(/usr/local/texlive/2024/texmf-dist/tex/latex/graphics-cfg/color.cfg)
(/usr/local/texlive/2024/texmf-dist/tex/latex/graphics-def/xetex.def)
(/usr/local/texlive/2024/texmf-dist/tex/latex/graphics/mathcolor.ltx))
(./index.out) (./index.out)
(/usr/local/texlive/2024/texmf-dist/tex/latex/biblatex/lbx/english.lbx)
(./index.bbl) (/usr/local/texlive/2024/texmf-dist/tex/latex/psnfss/t1pcr.fd)
[1] (./index.aux)

LaTeX Warning: There were undefined references.


Package biblatex Warning: Please rerun LaTeX.
(biblatex)                Page breaks have changed.

 )
Output written on index.xdv (1 page, 2776 bytes).
SyncTeX written on index.synctex.gz.
Transcript written on index.log.
Latexmk: Getting log file 'index.log'
Latexmk: Examining 'index.fls'
Latexmk: Examining 'index.log'
Latexmk: Found input bbl file 'index.bbl'
Latexmk: Log file says output to 'index.xdv'
Latexmk: Bibliography file(s) from .bcf file:
  references.bib
Latexmk: applying rule 'xelatex'...
Rule 'xelatex':  Reasons for rerun
Changed files or newly in use/created:
  index.aux
  index.run.xml

------------
Run number 3 of rule 'xelatex'
------------
------------
Running 'xelatex -no-pdf -synctex=1 -interaction=nonstopmode -file-line-error -recorder  "index.tex"'
------------
This is XeTeX, Version 3.141592653-2.6-0.999996 (TeX Live 2024) (preloaded format=xelatex)
 restricted \write18 enabled.
entering extended mode
(./index.tex
LaTeX2e <2024-11-01> patch level 1
L3 programming layer <2024-11-02>
(/usr/local/texlive/2024/texmf-dist/tex/latex/base/article.cls
Document Class: article 2024/06/29 v1.4n Standard LaTeX document class
(/usr/local/texlive/2024/texmf-dist/tex/latex/base/size12.clo))
(/usr/local/texlive/2024/texmf-dist/tex/latex/base/inputenc.sty

Package inputenc Warning: inputenc package ignored with utf8 based engines.

) (/usr/local/texlive/2024/texmf-dist/tex/latex/csquotes/csquotes.sty
(/usr/local/texlive/2024/texmf-dist/tex/latex/etoolbox/etoolbox.sty)
(/usr/local/texlive/2024/texmf-dist/tex/latex/graphics/keyval.sty)
(/usr/local/texlive/2024/texmf-dist/tex/latex/csquotes/csquotes.def)
(/usr/local/texlive/2024/texmf-dist/tex/latex/csquotes/csquotes.cfg))
(/usr/local/texlive/2024/texmf-dist/tex/latex/geometry/geometry.sty
(/usr/local/texlive/2024/texmf-dist/tex/generic/iftex/ifvtex.sty
(/usr/local/texlive/2024/texmf-dist/tex/generic/iftex/iftex.sty)))
(/usr/local/texlive/2024/texmf-dist/tex/latex/base/fontenc.sty
(/usr/local/texlive/2024/texmf-dist/tex/latex/lm/t1lmr.fd))
(/usr/local/texlive/2024/texmf-dist/tex/latex/psnfss/times.sty)
(/usr/local/texlive/2024/texmf-dist/tex/latex/hyperref/hyperref.sty
(/usr/local/texlive/2024/texmf-dist/tex/latex/kvsetkeys/kvsetkeys.sty)
(/usr/local/texlive/2024/texmf-dist/tex/generic/kvdefinekeys/kvdefinekeys.sty)
(/usr/local/texlive/2024/texmf-dist/tex/generic/pdfescape/pdfescape.sty
(/usr/local/texlive/2024/texmf-dist/tex/generic/ltxcmds/ltxcmds.sty)
(/usr/local/texlive/2024/texmf-dist/tex/generic/pdftexcmds/pdftexcmds.sty
(/usr/local/texlive/2024/texmf-dist/tex/generic/infwarerr/infwarerr.sty)))
(/usr/local/texlive/2024/texmf-dist/tex/latex/hycolor/hycolor.sty)
(/usr/local/texlive/2024/texmf-dist/tex/latex/hyperref/nameref.sty
(/usr/local/texlive/2024/texmf-dist/tex/latex/refcount/refcount.sty)
(/usr/local/texlive/2024/texmf-dist/tex/generic/gettitlestring/gettitlestring.s
ty (/usr/local/texlive/2024/texmf-dist/tex/latex/kvoptions/kvoptions.sty)))
(/usr/local/texlive/2024/texmf-dist/tex/generic/stringenc/stringenc.sty)
(/usr/local/texlive/2024/texmf-dist/tex/latex/hyperref/pd1enc.def)
(/usr/local/texlive/2024/texmf-dist/tex/generic/intcalc/intcalc.sty)
(/usr/local/texlive/2024/texmf-dist/tex/latex/hyperref/puenc.def)
(/usr/local/texlive/2024/texmf-dist/tex/latex/url/url.sty)
(/usr/local/texlive/2024/texmf-dist/tex/generic/bitset/bitset.sty
(/usr/local/texlive/2024/texmf-dist/tex/generic/bigintcalc/bigintcalc.sty))
(/usr/local/texlive/2024/texmf-dist/tex/latex/base/atbegshi-ltx.sty))
(/usr/local/texlive/2024/texmf-dist/tex/latex/hyperref/hxetex.def
(/usr/local/texlive/2024/texmf-dist/tex/latex/rerunfilecheck/rerunfilecheck.sty
(/usr/local/texlive/2024/texmf-dist/tex/latex/base/atveryend-ltx.sty)
(/usr/local/texlive/2024/texmf-dist/tex/generic/uniquecounter/uniquecounter.sty
))) (/usr/local/texlive/2024/texmf-dist/tex/latex/biblatex/biblatex.sty
(/usr/local/texlive/2024/texmf-dist/tex/latex/logreq/logreq.sty
(/usr/local/texlive/2024/texmf-dist/tex/latex/logreq/logreq.def))
(/usr/local/texlive/2024/texmf-dist/tex/latex/base/ifthen.sty)
(/usr/local/texlive/2024/texmf-dist/tex/latex/biblatex/blx-dm.def)
(/usr/local/texlive/2024/texmf-dist/tex/latex/biblatex/blx-unicode.def)
(/usr/local/texlive/2024/texmf-dist/tex/latex/biblatex/blx-compat.def)
(/usr/local/texlive/2024/texmf-dist/tex/latex/biblatex/biblatex.def)
(/usr/local/texlive/2024/texmf-dist/tex/latex/biblatex/blx-natbib.def)
(/usr/local/texlive/2024/texmf-dist/tex/latex/biblatex/bbx/authoryear.bbx
(/usr/local/texlive/2024/texmf-dist/tex/latex/biblatex/bbx/standard.bbx))
(/usr/local/texlive/2024/texmf-dist/tex/latex/biblatex/cbx/authoryear.cbx)
(/usr/local/texlive/2024/texmf-dist/tex/latex/biblatex/biblatex.cfg)
(/usr/local/texlive/2024/texmf-dist/tex/latex/l3kernel/expl3.sty
(/usr/local/texlive/2024/texmf-dist/tex/latex/l3backend/l3backend-xetex.def))
(/usr/local/texlive/2024/texmf-dist/tex/latex/biblatex/blx-case-expl3.sty
(/usr/local/texlive/2024/texmf-dist/tex/latex/l3packages/xparse/xparse.sty)))
(/usr/local/texlive/2024/texmf-dist/tex/latex/psnfss/t1ptm.fd) (./index.aux)
*geometry* driver: auto-detecting
*geometry* detected driver: xetex
(/usr/local/texlive/2024/texmf-dist/tex/latex/graphics/color.sty
(/usr/local/texlive/2024/texmf-dist/tex/latex/graphics-cfg/color.cfg)
(/usr/local/texlive/2024/texmf-dist/tex/latex/graphics-def/xetex.def)
(/usr/local/texlive/2024/texmf-dist/tex/latex/graphics/mathcolor.ltx))
(./index.out) (./index.out)
(/usr/local/texlive/2024/texmf-dist/tex/latex/biblatex/lbx/english.lbx)
(./index.bbl) (/usr/local/texlive/2024/texmf-dist/tex/latex/psnfss/t1pcr.fd)
[1] (./index.aux) )
Output written on index.xdv (1 page, 2776 bytes).
SyncTeX written on index.synctex.gz.
Transcript written on index.log.
Latexmk: Getting log file 'index.log'
Latexmk: Examining 'index.fls'
Latexmk: Examining 'index.log'
Latexmk: Found input bbl file 'index.bbl'
Latexmk: Log file says output to 'index.xdv'
Latexmk: Bibliography file(s) from .bcf file:
  references.bib
Latexmk: applying rule 'xelatex'...
Rule 'xelatex':  Reasons for rerun
Changed files or newly in use/created:
  index.run.xml

------------
Run number 4 of rule 'xelatex'
------------
------------
Running 'xelatex -no-pdf -synctex=1 -interaction=nonstopmode -file-line-error -recorder  "index.tex"'
------------
This is XeTeX, Version 3.141592653-2.6-0.999996 (TeX Live 2024) (preloaded format=xelatex)
 restricted \write18 enabled.
entering extended mode
(./index.tex
LaTeX2e <2024-11-01> patch level 1
L3 programming layer <2024-11-02>
(/usr/local/texlive/2024/texmf-dist/tex/latex/base/article.cls
Document Class: article 2024/06/29 v1.4n Standard LaTeX document class
(/usr/local/texlive/2024/texmf-dist/tex/latex/base/size12.clo))
(/usr/local/texlive/2024/texmf-dist/tex/latex/base/inputenc.sty

Package inputenc Warning: inputenc package ignored with utf8 based engines.

) (/usr/local/texlive/2024/texmf-dist/tex/latex/csquotes/csquotes.sty
(/usr/local/texlive/2024/texmf-dist/tex/latex/etoolbox/etoolbox.sty)
(/usr/local/texlive/2024/texmf-dist/tex/latex/graphics/keyval.sty)
(/usr/local/texlive/2024/texmf-dist/tex/latex/csquotes/csquotes.def)
(/usr/local/texlive/2024/texmf-dist/tex/latex/csquotes/csquotes.cfg))
(/usr/local/texlive/2024/texmf-dist/tex/latex/geometry/geometry.sty
(/usr/local/texlive/2024/texmf-dist/tex/generic/iftex/ifvtex.sty
(/usr/local/texlive/2024/texmf-dist/tex/generic/iftex/iftex.sty)))
(/usr/local/texlive/2024/texmf-dist/tex/latex/base/fontenc.sty
(/usr/local/texlive/2024/texmf-dist/tex/latex/lm/t1lmr.fd))
(/usr/local/texlive/2024/texmf-dist/tex/latex/psnfss/times.sty)
(/usr/local/texlive/2024/texmf-dist/tex/latex/hyperref/hyperref.sty
(/usr/local/texlive/2024/texmf-dist/tex/latex/kvsetkeys/kvsetkeys.sty)
(/usr/local/texlive/2024/texmf-dist/tex/generic/kvdefinekeys/kvdefinekeys.sty)
(/usr/local/texlive/2024/texmf-dist/tex/generic/pdfescape/pdfescape.sty
(/usr/local/texlive/2024/texmf-dist/tex/generic/ltxcmds/ltxcmds.sty)
(/usr/local/texlive/2024/texmf-dist/tex/generic/pdftexcmds/pdftexcmds.sty
(/usr/local/texlive/2024/texmf-dist/tex/generic/infwarerr/infwarerr.sty)))
(/usr/local/texlive/2024/texmf-dist/tex/latex/hycolor/hycolor.sty)
(/usr/local/texlive/2024/texmf-dist/tex/latex/hyperref/nameref.sty
(/usr/local/texlive/2024/texmf-dist/tex/latex/refcount/refcount.sty)
(/usr/local/texlive/2024/texmf-dist/tex/generic/gettitlestring/gettitlestring.s
ty (/usr/local/texlive/2024/texmf-dist/tex/latex/kvoptions/kvoptions.sty)))
(/usr/local/texlive/2024/texmf-dist/tex/generic/stringenc/stringenc.sty)
(/usr/local/texlive/2024/texmf-dist/tex/latex/hyperref/pd1enc.def)
(/usr/local/texlive/2024/texmf-dist/tex/generic/intcalc/intcalc.sty)
(/usr/local/texlive/2024/texmf-dist/tex/latex/hyperref/puenc.def)
(/usr/local/texlive/2024/texmf-dist/tex/latex/url/url.sty)
(/usr/local/texlive/2024/texmf-dist/tex/generic/bitset/bitset.sty
(/usr/local/texlive/2024/texmf-dist/tex/generic/bigintcalc/bigintcalc.sty))
(/usr/local/texlive/2024/texmf-dist/tex/latex/base/atbegshi-ltx.sty))
(/usr/local/texlive/2024/texmf-dist/tex/latex/hyperref/hxetex.def
(/usr/local/texlive/2024/texmf-dist/tex/latex/rerunfilecheck/rerunfilecheck.sty
(/usr/local/texlive/2024/texmf-dist/tex/latex/base/atveryend-ltx.sty)
(/usr/local/texlive/2024/texmf-dist/tex/generic/uniquecounter/uniquecounter.sty
))) (/usr/local/texlive/2024/texmf-dist/tex/latex/biblatex/biblatex.sty
(/usr/local/texlive/2024/texmf-dist/tex/latex/logreq/logreq.sty
(/usr/local/texlive/2024/texmf-dist/tex/latex/logreq/logreq.def))
(/usr/local/texlive/2024/texmf-dist/tex/latex/base/ifthen.sty)
(/usr/local/texlive/2024/texmf-dist/tex/latex/biblatex/blx-dm.def)
(/usr/local/texlive/2024/texmf-dist/tex/latex/biblatex/blx-unicode.def)
(/usr/local/texlive/2024/texmf-dist/tex/latex/biblatex/blx-compat.def)
(/usr/local/texlive/2024/texmf-dist/tex/latex/biblatex/biblatex.def)
(/usr/local/texlive/2024/texmf-dist/tex/latex/biblatex/blx-natbib.def)
(/usr/local/texlive/2024/texmf-dist/tex/latex/biblatex/bbx/authoryear.bbx
(/usr/local/texlive/2024/texmf-dist/tex/latex/biblatex/bbx/standard.bbx))
(/usr/local/texlive/2024/texmf-dist/tex/latex/biblatex/cbx/authoryear.cbx)
(/usr/local/texlive/2024/texmf-dist/tex/latex/biblatex/biblatex.cfg)
(/usr/local/texlive/2024/texmf-dist/tex/latex/l3kernel/expl3.sty
(/usr/local/texlive/2024/texmf-dist/tex/latex/l3backend/l3backend-xetex.def))
(/usr/local/texlive/2024/texmf-dist/tex/latex/biblatex/blx-case-expl3.sty
(/usr/local/texlive/2024/texmf-dist/tex/latex/l3packages/xparse/xparse.sty)))
(/usr/local/texlive/2024/texmf-dist/tex/latex/psnfss/t1ptm.fd) (./index.aux)
*geometry* driver: auto-detecting
*geometry* detected driver: xetex
(/usr/local/texlive/2024/texmf-dist/tex/latex/graphics/color.sty
(/usr/local/texlive/2024/texmf-dist/tex/latex/graphics-cfg/color.cfg)
(/usr/local/texlive/2024/texmf-dist/tex/latex/graphics-def/xetex.def)
(/usr/local/texlive/2024/texmf-dist/tex/latex/graphics/mathcolor.ltx))
(./index.out) (./index.out)
(/usr/local/texlive/2024/texmf-dist/tex/latex/biblatex/lbx/english.lbx)
(./index.bbl) (/usr/local/texlive/2024/texmf-dist/tex/latex/psnfss/t1pcr.fd)
[1] (./index.aux) )
Output written on index.xdv (1 page, 2776 bytes).
SyncTeX written on index.synctex.gz.
Transcript written on index.log.
Latexmk: Getting log file 'index.log'
Latexmk: Examining 'index.fls'
Latexmk: Examining 'index.log'
Latexmk: Found input bbl file 'index.bbl'
Latexmk: Log file says output to 'index.xdv'
Latexmk: Bibliography file(s) from .bcf file:
  references.bib
Latexmk: applying rule 'xdvipdfmx'...
Rule 'xdvipdfmx':  Reasons for rerun
Changed files or newly in use/created:
  index.xdv
Category 'changed_source_rules':
  xelatex
Category 'no_dest':
  xdvipdfmx

------------
Run number 1 of rule 'xdvipdfmx'
------------
------------
Running 'xdvipdfmx -E -o "index.pdf"  "index.xdv"'
------------
Latexmk: All targets (index.xdv index.pdf) are up-to-date

